  [1m[35m (434.6ms)[0m  [1m[35mCREATE DATABASE "ninety_nine_cats_development" ENCODING = 'unicode'[0m
  ↳ bin/rails:9
  [1m[35m (410.0ms)[0m  [1m[35mCREATE DATABASE "ninety_nine_cats_test" ENCODING = 'unicode'[0m
  ↳ bin/rails:9
  [1m[35m (16.3ms)[0m  [1m[35mCREATE TABLE "schema_migrations" ("version" character varying NOT NULL PRIMARY KEY)[0m
  ↳ bin/rails:9
  [1m[35m (4.3ms)[0m  [1m[35mCREATE TABLE "ar_internal_metadata" ("key" character varying NOT NULL PRIMARY KEY, "value" character varying, "created_at" timestamp NOT NULL, "updated_at" timestamp NOT NULL)[0m
  ↳ bin/rails:9
  [1m[35m (0.4ms)[0m  [1m[34mSELECT pg_try_advisory_lock(723150122408807205)[0m
  ↳ bin/rails:9
  [1m[35m (0.8ms)[0m  [1m[34mSELECT "schema_migrations"."version" FROM "schema_migrations" ORDER BY "schema_migrations"."version" ASC[0m
  ↳ bin/rails:9
Migrating to CreateCats (20201231214331)
  [1m[35m (0.2ms)[0m  [1m[35mBEGIN[0m
  ↳ bin/rails:9
  [1m[35m (20.8ms)[0m  [1m[35mCREATE TABLE "cats" ("id" bigserial primary key, "birth_date" date NOT NULL, "color" character varying NOT NULL, "name" character varying NOT NULL, "sex" character varying(1) NOT NULL, "description" text NOT NULL, "created_at" timestamp NOT NULL, "updated_at" timestamp NOT NULL)[0m
  ↳ db/migrate/20201231214331_create_cats.rb:3
  [1m[36mActiveRecord::SchemaMigration Create (19.8ms)[0m  [1m[32mINSERT INTO "schema_migrations" ("version") VALUES ($1) RETURNING "version"[0m  [["version", "20201231214331"]]
  ↳ bin/rails:9
  [1m[35m (3.6ms)[0m  [1m[35mCOMMIT[0m
  ↳ bin/rails:9
  [1m[36mActiveRecord::InternalMetadata Load (1.4ms)[0m  [1m[34mSELECT  "ar_internal_metadata".* FROM "ar_internal_metadata" WHERE "ar_internal_metadata"."key" = $1 LIMIT $2[0m  [["key", "environment"], ["LIMIT", 1]]
  ↳ bin/rails:9
  [1m[35m (0.3ms)[0m  [1m[35mBEGIN[0m
  ↳ bin/rails:9
  [1m[36mActiveRecord::InternalMetadata Create (0.7ms)[0m  [1m[32mINSERT INTO "ar_internal_metadata" ("key", "value", "created_at", "updated_at") VALUES ($1, $2, $3, $4) RETURNING "key"[0m  [["key", "environment"], ["value", "development"], ["created_at", "2020-12-31 21:56:59.483511"], ["updated_at", "2020-12-31 21:56:59.483511"]]
  ↳ bin/rails:9
  [1m[35m (0.4ms)[0m  [1m[35mCOMMIT[0m
  ↳ bin/rails:9
  [1m[35m (0.4ms)[0m  [1m[34mSELECT pg_advisory_unlock(723150122408807205)[0m
  ↳ bin/rails:9
  [1m[35m (0.4ms)[0m  [1m[34mSELECT "schema_migrations"."version" FROM "schema_migrations" ORDER BY "schema_migrations"."version" ASC[0m
  ↳ bin/rails:9
  [1m[35m (157.2ms)[0m  [1m[35mCREATE DATABASE "ninety_nine_cats_development" ENCODING = 'unicode'[0m
  ↳ bin/rails:9
  [1m[35m (93.4ms)[0m  [1m[35mCREATE DATABASE "ninety_nine_cats_test" ENCODING = 'unicode'[0m
  ↳ bin/rails:9
  [1m[35m (15.2ms)[0m  [1m[35mCREATE TABLE "schema_migrations" ("version" character varying NOT NULL PRIMARY KEY)[0m
  ↳ bin/rails:9
  [1m[35m (4.3ms)[0m  [1m[35mCREATE TABLE "ar_internal_metadata" ("key" character varying NOT NULL PRIMARY KEY, "value" character varying, "created_at" timestamp NOT NULL, "updated_at" timestamp NOT NULL)[0m
  ↳ bin/rails:9
  [1m[35m (0.8ms)[0m  [1m[34mSELECT pg_try_advisory_lock(723150122408807205)[0m
  ↳ bin/rails:9
  [1m[35m (0.6ms)[0m  [1m[34mSELECT "schema_migrations"."version" FROM "schema_migrations" ORDER BY "schema_migrations"."version" ASC[0m
  ↳ bin/rails:9
Migrating to CreateCats (20201231214331)
  [1m[35m (0.2ms)[0m  [1m[35mBEGIN[0m
  ↳ bin/rails:9
  [1m[35m (8.0ms)[0m  [1m[35mCREATE TABLE "cats" ("id" bigserial primary key, "birth_date" date NOT NULL, "color" character varying NOT NULL, "name" character varying NOT NULL, "sex" character varying(1) NOT NULL, "description" text NOT NULL, "created_at" timestamp NOT NULL, "updated_at" timestamp NOT NULL)[0m
  ↳ db/migrate/20201231214331_create_cats.rb:3
  [1m[36mActiveRecord::SchemaMigration Create (0.7ms)[0m  [1m[32mINSERT INTO "schema_migrations" ("version") VALUES ($1) RETURNING "version"[0m  [["version", "20201231214331"]]
  ↳ bin/rails:9
  [1m[35m (0.3ms)[0m  [1m[35mCOMMIT[0m
  ↳ bin/rails:9
  [1m[36mActiveRecord::InternalMetadata Load (0.3ms)[0m  [1m[34mSELECT  "ar_internal_metadata".* FROM "ar_internal_metadata" WHERE "ar_internal_metadata"."key" = $1 LIMIT $2[0m  [["key", "environment"], ["LIMIT", 1]]
  ↳ bin/rails:9
  [1m[35m (0.2ms)[0m  [1m[35mBEGIN[0m
  ↳ bin/rails:9
  [1m[36mActiveRecord::InternalMetadata Create (1.4ms)[0m  [1m[32mINSERT INTO "ar_internal_metadata" ("key", "value", "created_at", "updated_at") VALUES ($1, $2, $3, $4) RETURNING "key"[0m  [["key", "environment"], ["value", "development"], ["created_at", "2020-12-31 22:16:58.336825"], ["updated_at", "2020-12-31 22:16:58.336825"]]
  ↳ bin/rails:9
  [1m[35m (0.3ms)[0m  [1m[35mCOMMIT[0m
  ↳ bin/rails:9
  [1m[35m (0.3ms)[0m  [1m[34mSELECT pg_advisory_unlock(723150122408807205)[0m
  ↳ bin/rails:9
  [1m[35m (0.4ms)[0m  [1m[34mSELECT "schema_migrations"."version" FROM "schema_migrations" ORDER BY "schema_migrations"."version" ASC[0m
  ↳ bin/rails:9
  [1m[35m (0.8ms)[0m  [1m[34mSELECT "schema_migrations"."version" FROM "schema_migrations" ORDER BY "schema_migrations"."version" ASC[0m
  ↳ bin/rails:9
Started GET "/" for ::1 at 2020-12-31 14:48:24 -0800
  [1m[35m (6.0ms)[0m  [1m[34mSELECT "schema_migrations"."version" FROM "schema_migrations" ORDER BY "schema_migrations"."version" ASC[0m
  ↳ /Users/edwinhong/.rbenv/versions/2.5.1/lib/ruby/gems/2.5.0/gems/activerecord-5.2.4.4/lib/active_record/log_subscriber.rb:98
Processing by Rails::WelcomeController#index as */*
  Parameters: {"id"=>"5", "some_category"=>{"a_key"=>"another value", "a_second_key"=>"yet another value", "inner_inner_hash"=>{"key"=>"value"}}, "something_else"=>"aaahhhhh"}
  Rendering /Users/edwinhong/.rbenv/versions/2.5.1/lib/ruby/gems/2.5.0/gems/railties-5.2.4.4/lib/rails/templates/rails/welcome/index.html.erb
  Rendered /Users/edwinhong/.rbenv/versions/2.5.1/lib/ruby/gems/2.5.0/gems/railties-5.2.4.4/lib/rails/templates/rails/welcome/index.html.erb (42.5ms)
Completed 200 OK in 961ms (Views: 469.2ms | ActiveRecord: 0.0ms)


Started GET "/cats" for ::1 at 2020-12-31 14:48:47 -0800
Processing by CatsController#index as */*
  Parameters: {"id"=>"5", "some_category"=>{"a_key"=>"another value", "a_second_key"=>"yet another value", "inner_inner_hash"=>{"key"=>"value"}}, "something_else"=>"aaahhhhh"}
Completed 500 Internal Server Error in 99ms (ActiveRecord: 0.0ms)



NameError - uninitialized constant CatsController::Cats:
  app/controllers/cats_controller.rb:4:in `index'

Started GET "/cats" for ::1 at 2020-12-31 14:49:26 -0800
Processing by CatsController#index as */*
  Parameters: {"id"=>"5", "some_category"=>{"a_key"=>"another value", "a_second_key"=>"yet another value", "inner_inner_hash"=>{"key"=>"value"}}, "something_else"=>"aaahhhhh"}
Completed 500 Internal Server Error in 35ms (ActiveRecord: 0.0ms)



NameError - uninitialized constant CatsController::Cats:
  app/controllers/cats_controller.rb:4:in `index'

  [1m[35m (1.4ms)[0m  [1m[34mSELECT "schema_migrations"."version" FROM "schema_migrations" ORDER BY "schema_migrations"."version" ASC[0m
  ↳ bin/rails:9
  [1m[35m (3.3ms)[0m  [1m[35mCREATE DATABASE "ninety_nine_cats_development" ENCODING = 'unicode'[0m
  ↳ bin/rails:9
  [1m[35m (3.0ms)[0m  [1m[35mCREATE DATABASE "ninety_nine_cats_test" ENCODING = 'unicode'[0m
  ↳ bin/rails:9
Started GET "/cats" for ::1 at 2020-12-31 14:52:17 -0800
  [1m[35m (17.0ms)[0m  [1m[34mSELECT "schema_migrations"."version" FROM "schema_migrations" ORDER BY "schema_migrations"."version" ASC[0m
  ↳ /Users/edwinhong/.rbenv/versions/2.5.1/lib/ruby/gems/2.5.0/gems/activerecord-5.2.4.4/lib/active_record/log_subscriber.rb:98
Processing by CatsController#index as */*
  Parameters: {"id"=>"5", "some_category"=>{"a_key"=>"another value", "a_second_key"=>"yet another value", "inner_inner_hash"=>{"key"=>"value"}}, "something_else"=>"aaahhhhh"}
Completed 500 Internal Server Error in 213ms (ActiveRecord: 0.0ms)



NameError - uninitialized constant CatsController::Cats:
  app/controllers/cats_controller.rb:4:in `index'

Started GET "/cats" for ::1 at 2020-12-31 14:53:12 -0800
Processing by CatsController#index as */*
  Parameters: {"id"=>"5", "some_category"=>{"a_key"=>"another value", "a_second_key"=>"yet another value", "inner_inner_hash"=>{"key"=>"value"}}, "something_else"=>"aaahhhhh"}
Completed 500 Internal Server Error in 680ms (ActiveRecord: 0.0ms)



NoMethodError - undefined method `json' for #<CatsController:0x00007fdbce5f3a50>
Did you mean?  JSON:
  app/controllers/cats_controller.rb:6:in `index'

Started GET "/cats" for ::1 at 2020-12-31 14:53:36 -0800
Processing by CatsController#index as */*
  Parameters: {"id"=>"5", "some_category"=>{"a_key"=>"another value", "a_second_key"=>"yet another value", "inner_inner_hash"=>{"key"=>"value"}}, "something_else"=>"aaahhhhh"}
Completed 500 Internal Server Error in 574ms (ActiveRecord: 0.0ms)



ActionView::MissingTemplate - Missing template cats/"cats", application/"cats" with {:locale=>[:en], :formats=>[:html, :text, :js, :css, :ics, :csv, :vcf, :vtt, :png, :jpeg, :gif, :bmp, :tiff, :svg, :mpeg, :mp3, :ogg, :m4a, :webm, :mp4, :otf, :ttf, :woff, :woff2, :xml, :rss, :atom, :yaml, :multipart_form, :url_encoded_form, :json, :pdf, :zip, :gzip], :variants=>[], :handlers=>[:raw, :erb, :html, :builder, :ruby, :coffee, :jbuilder]}. Searched in:
  * "/Users/edwinhong/Desktop/Files/GitHub Files (All)/aAClasswork/W6D4/ninety_nine_cats/app/views":
  app/controllers/cats_controller.rb:6:in `index'

Started GET "/cats" for ::1 at 2020-12-31 14:54:04 -0800
Processing by CatsController#index as */*
  Parameters: {"id"=>"5", "some_category"=>{"a_key"=>"another value", "a_second_key"=>"yet another value", "inner_inner_hash"=>{"key"=>"value"}}, "something_else"=>"aaahhhhh"}
Completed 500 Internal Server Error in 460ms (ActiveRecord: 0.0ms)



ActionView::MissingTemplate - Missing template cats/"#<Cat::ActiveRecord_Relation:0x00007fdbcd5d0ab0>", application/"#<Cat::ActiveRecord_Relation:0x00007fdbcd5d0ab0>" with {:locale=>[:en], :formats=>[:html, :text, :js, :css, :ics, :csv, :vcf, :vtt, :png, :jpeg, :gif, :bmp, :tiff, :svg, :mpeg, :mp3, :ogg, :m4a, :webm, :mp4, :otf, :ttf, :woff, :woff2, :xml, :rss, :atom, :yaml, :multipart_form, :url_encoded_form, :json, :pdf, :zip, :gzip], :variants=>[], :handlers=>[:raw, :erb, :html, :builder, :ruby, :coffee, :jbuilder]}. Searched in:
  * "/Users/edwinhong/Desktop/Files/GitHub Files (All)/aAClasswork/W6D4/ninety_nine_cats/app/views":
  app/controllers/cats_controller.rb:6:in `index'

Started GET "/cats" for ::1 at 2020-12-31 14:55:05 -0800
Processing by CatsController#index as */*
  Parameters: {"id"=>"5", "some_category"=>{"a_key"=>"another value", "a_second_key"=>"yet another value", "inner_inner_hash"=>{"key"=>"value"}}, "something_else"=>"aaahhhhh"}
  [1m[36mCat Load (1.3ms)[0m  [1m[34mSELECT "cats".* FROM "cats"[0m
  ↳ app/controllers/cats_controller.rb:6
Completed 200 OK in 25ms (Views: 6.1ms | ActiveRecord: 15.3ms)


Started GET "/cats" for ::1 at 2020-12-31 15:05:45 -0800
Processing by CatsController#index as */*
  Parameters: {"id"=>"5", "some_category"=>{"a_key"=>"another value", "a_second_key"=>"yet another value", "inner_inner_hash"=>{"key"=>"value"}}, "something_else"=>"aaahhhhh"}
Completed 500 Internal Server Error in 419ms (ActiveRecord: 0.0ms)



ActionView::MissingTemplate - Missing template cats/index, application/index with {:locale=>[:en], :formats=>[:html, :text, :js, :css, :ics, :csv, :vcf, :vtt, :png, :jpeg, :gif, :bmp, :tiff, :svg, :mpeg, :mp3, :ogg, :m4a, :webm, :mp4, :otf, :ttf, :woff, :woff2, :xml, :rss, :atom, :yaml, :multipart_form, :url_encoded_form, :json, :pdf, :zip, :gzip], :variants=>[], :handlers=>[:raw, :erb, :html, :builder, :ruby, :coffee, :jbuilder]}. Searched in:
  * "/Users/edwinhong/Desktop/Files/GitHub Files (All)/aAClasswork/W6D4/ninety_nine_cats/app/views":
  app/controllers/cats_controller.rb:6:in `index'

Started GET "/cats" for ::1 at 2020-12-31 15:07:28 -0800
Processing by CatsController#index as */*
Completed 500 Internal Server Error in 731ms (ActiveRecord: 0.0ms)



ActionView::MissingTemplate - Missing template cats/index, application/index with {:locale=>[:en], :formats=>[:html, :text, :js, :css, :ics, :csv, :vcf, :vtt, :png, :jpeg, :gif, :bmp, :tiff, :svg, :mpeg, :mp3, :ogg, :m4a, :webm, :mp4, :otf, :ttf, :woff, :woff2, :xml, :rss, :atom, :yaml, :multipart_form, :url_encoded_form, :json, :pdf, :zip, :gzip], :variants=>[], :handlers=>[:raw, :erb, :html, :builder, :ruby, :coffee, :jbuilder]}. Searched in:
  * "/Users/edwinhong/Desktop/Files/GitHub Files (All)/aAClasswork/W6D4/ninety_nine_cats/app/views":
  app/controllers/cats_controller.rb:6:in `index'

Started GET "/cats" for ::1 at 2020-12-31 15:07:38 -0800
Processing by CatsController#index as HTML
Completed 500 Internal Server Error in 71ms (ActiveRecord: 0.0ms)



ActionView::MissingTemplate - Missing template cats/index, application/index with {:locale=>[:en], :formats=>[:html], :variants=>[], :handlers=>[:raw, :erb, :html, :builder, :ruby, :coffee, :jbuilder]}. Searched in:
  * "/Users/edwinhong/Desktop/Files/GitHub Files (All)/aAClasswork/W6D4/ninety_nine_cats/app/views":
  app/controllers/cats_controller.rb:6:in `index'

Started POST "/__better_errors/10e396d04d9d6817/variables" for ::1 at 2020-12-31 15:07:40 -0800
  [1m[36mCat Load (1.1ms)[0m  [1m[34mSELECT  "cats".* FROM "cats" LIMIT $1[0m  [["LIMIT", 11]]
  ↳ /Users/edwinhong/.rbenv/versions/2.5.1/lib/ruby/gems/2.5.0/gems/activerecord-5.2.4.4/lib/active_record/log_subscriber.rb:98
Started GET "/cats" for ::1 at 2020-12-31 15:09:07 -0800

SyntaxError - unterminated regexp meets end of file
/Users/edwinhong/Desktop/Files/GitHub Files (All)/aAClasswork/W6D4/ninety_nine_cats/app/controllers/cats_controller.rb:15: syntax error, unexpected end-of-input, expecting keyword_end:
  app/controllers/cats_controller.rb:15:in `'

Started POST "/__better_errors/bd9bcfe3e14ae809/variables" for ::1 at 2020-12-31 15:09:07 -0800
Started GET "/cats" for ::1 at 2020-12-31 15:09:43 -0800
Processing by CatsController#index as */*
Completed 500 Internal Server Error in 407ms (ActiveRecord: 0.0ms)



ActionView::MissingTemplate - Missing template /cats with {:locale=>[:en], :formats=>[:html, :text, :js, :css, :ics, :csv, :vcf, :vtt, :png, :jpeg, :gif, :bmp, :tiff, :svg, :mpeg, :mp3, :ogg, :m4a, :webm, :mp4, :otf, :ttf, :woff, :woff2, :xml, :rss, :atom, :yaml, :multipart_form, :url_encoded_form, :json, :pdf, :zip, :gzip], :variants=>[], :handlers=>[:raw, :erb, :html, :builder, :ruby, :coffee, :jbuilder]}. Searched in:
  * "/Users/edwinhong/Desktop/Files/GitHub Files (All)/aAClasswork/W6D4/ninety_nine_cats/app/views":
  app/controllers/cats_controller.rb:6:in `index'

Started GET "/cats" for ::1 at 2020-12-31 15:09:51 -0800
Processing by CatsController#index as HTML
Completed 500 Internal Server Error in 11ms (ActiveRecord: 0.0ms)



ActionView::MissingTemplate - Missing template /cats with {:locale=>[:en], :formats=>[:html], :variants=>[], :handlers=>[:raw, :erb, :html, :builder, :ruby, :coffee, :jbuilder]}. Searched in:
  * "/Users/edwinhong/Desktop/Files/GitHub Files (All)/aAClasswork/W6D4/ninety_nine_cats/app/views":
  app/controllers/cats_controller.rb:6:in `index'

Started POST "/__better_errors/2d31df897e90bb7f/variables" for ::1 at 2020-12-31 15:09:51 -0800
  [1m[36mCat Load (2.1ms)[0m  [1m[34mSELECT  "cats".* FROM "cats" LIMIT $1[0m  [["LIMIT", 11]]
  ↳ /Users/edwinhong/.rbenv/versions/2.5.1/lib/ruby/gems/2.5.0/gems/activerecord-5.2.4.4/lib/active_record/log_subscriber.rb:98
Started GET "/cats" for ::1 at 2020-12-31 15:12:28 -0800
Processing by CatsController#index as HTML
Completed 500 Internal Server Error in 82ms (ActiveRecord: 0.0ms)



ActionView::MissingTemplate - Missing template cats/index, application/index with {:locale=>[:en], :formats=>[:html], :variants=>[], :handlers=>[:raw, :erb, :html, :builder, :ruby, :coffee, :jbuilder]}. Searched in:
  * "/Users/edwinhong/Desktop/Files/GitHub Files (All)/aAClasswork/W6D4/ninety_nine_cats/app/views":
  app/controllers/cats_controller.rb:6:in `index'

Started POST "/__better_errors/f35b464e2bf6d00e/variables" for ::1 at 2020-12-31 15:12:29 -0800
  [1m[36mCat Load (0.3ms)[0m  [1m[34mSELECT  "cats".* FROM "cats" LIMIT $1[0m  [["LIMIT", 11]]
  ↳ /Users/edwinhong/.rbenv/versions/2.5.1/lib/ruby/gems/2.5.0/gems/activerecord-5.2.4.4/lib/active_record/log_subscriber.rb:98
Started GET "/cats" for ::1 at 2020-12-31 15:13:23 -0800
  [1m[35m (4.7ms)[0m  [1m[34mSELECT "schema_migrations"."version" FROM "schema_migrations" ORDER BY "schema_migrations"."version" ASC[0m
  ↳ /Users/edwinhong/.rbenv/versions/2.5.1/lib/ruby/gems/2.5.0/gems/activerecord-5.2.4.4/lib/active_record/log_subscriber.rb:98
Processing by CatsController#index as HTML
Completed 500 Internal Server Error in 74ms (ActiveRecord: 0.0ms)



ActionView::MissingTemplate - Missing template cats/index, application/index with {:locale=>[:en], :formats=>[:html], :variants=>[], :handlers=>[:raw, :erb, :html, :builder, :ruby, :coffee, :jbuilder]}. Searched in:
  * "/Users/edwinhong/Desktop/Files/GitHub Files (All)/aAClasswork/W6D4/ninety_nine_cats/app/views":
  app/controllers/cats_controller.rb:6:in `index'

Started POST "/__better_errors/330add8da9838339/variables" for ::1 at 2020-12-31 15:13:24 -0800
  [1m[36mCat Load (0.5ms)[0m  [1m[34mSELECT  "cats".* FROM "cats" LIMIT $1[0m  [["LIMIT", 11]]
  ↳ /Users/edwinhong/.rbenv/versions/2.5.1/lib/ruby/gems/2.5.0/gems/activerecord-5.2.4.4/lib/active_record/log_subscriber.rb:98
Started GET "/cats" for ::1 at 2020-12-31 15:16:22 -0800
Processing by CatsController#index as HTML
Completed 500 Internal Server Error in 113ms (ActiveRecord: 0.0ms)



ActionView::MissingTemplate - Missing template cats/index, application/index with {:locale=>[:en], :formats=>[:html], :variants=>[], :handlers=>[:raw, :erb, :html, :builder, :ruby, :coffee, :jbuilder]}. Searched in:
  * "/Users/edwinhong/Desktop/Files/GitHub Files (All)/aAClasswork/W6D4/ninety_nine_cats/app/views":
  app/controllers/cats_controller.rb:6:in `index'

Started POST "/__better_errors/36e6192bc5793a66/variables" for ::1 at 2020-12-31 15:16:22 -0800
  [1m[36mCat Load (1.5ms)[0m  [1m[34mSELECT  "cats".* FROM "cats" LIMIT $1[0m  [["LIMIT", 11]]
  ↳ /Users/edwinhong/.rbenv/versions/2.5.1/lib/ruby/gems/2.5.0/gems/activerecord-5.2.4.4/lib/active_record/log_subscriber.rb:98
Started GET "/cats" for ::1 at 2020-12-31 15:16:24 -0800
Processing by CatsController#index as HTML
Completed 500 Internal Server Error in 54ms (ActiveRecord: 0.0ms)



ActionView::MissingTemplate - Missing template cats/index, application/index with {:locale=>[:en], :formats=>[:html], :variants=>[], :handlers=>[:raw, :erb, :html, :builder, :ruby, :coffee, :jbuilder]}. Searched in:
  * "/Users/edwinhong/Desktop/Files/GitHub Files (All)/aAClasswork/W6D4/ninety_nine_cats/app/views":
  app/controllers/cats_controller.rb:6:in `index'

Started POST "/__better_errors/f0da71350706da78/variables" for ::1 at 2020-12-31 15:16:24 -0800
  [1m[36mCat Load (3.7ms)[0m  [1m[34mSELECT  "cats".* FROM "cats" LIMIT $1[0m  [["LIMIT", 11]]
  ↳ /Users/edwinhong/.rbenv/versions/2.5.1/lib/ruby/gems/2.5.0/gems/activerecord-5.2.4.4/lib/active_record/log_subscriber.rb:98
Started GET "/cats" for ::1 at 2020-12-31 15:18:16 -0800
Processing by CatsController#index as HTML
Completed 500 Internal Server Error in 66ms (ActiveRecord: 0.0ms)



ActionView::MissingTemplate - Missing template cats/index, application/index with {:locale=>[:en], :formats=>[:html], :variants=>[], :handlers=>[:raw, :erb, :html, :builder, :ruby, :coffee, :jbuilder]}. Searched in:
  * "/Users/edwinhong/Desktop/Files/GitHub Files (All)/aAClasswork/W6D4/ninety_nine_cats/app/views":
  app/controllers/cats_controller.rb:6:in `index'

Started POST "/__better_errors/abbae1a229721100/variables" for ::1 at 2020-12-31 15:18:17 -0800
  [1m[36mCat Load (2.2ms)[0m  [1m[34mSELECT  "cats".* FROM "cats" LIMIT $1[0m  [["LIMIT", 11]]
  ↳ /Users/edwinhong/.rbenv/versions/2.5.1/lib/ruby/gems/2.5.0/gems/activerecord-5.2.4.4/lib/active_record/log_subscriber.rb:98
Started GET "/cats" for ::1 at 2020-12-31 15:25:30 -0800
Processing by CatsController#index as HTML
Completed 500 Internal Server Error in 49ms (ActiveRecord: 0.0ms)



ActionView::MissingTemplate - Missing template cats/index, application/index with {:locale=>[:en], :formats=>[:html], :variants=>[], :handlers=>[:raw, :erb, :html, :builder, :ruby, :coffee, :jbuilder]}. Searched in:
  * "/Users/edwinhong/Desktop/Files/GitHub Files (All)/aAClasswork/W6D4/ninety_nine_cats/app/views":
  app/controllers/cats_controller.rb:6:in `index'

Started POST "/__better_errors/55cd90131b52eb00/variables" for ::1 at 2020-12-31 15:25:30 -0800
  [1m[36mCat Load (1.1ms)[0m  [1m[34mSELECT  "cats".* FROM "cats" LIMIT $1[0m  [["LIMIT", 11]]
  ↳ /Users/edwinhong/.rbenv/versions/2.5.1/lib/ruby/gems/2.5.0/gems/activerecord-5.2.4.4/lib/active_record/log_subscriber.rb:98
Started GET "/cats" for ::1 at 2020-12-31 15:31:20 -0800
Processing by CatsController#index as HTML
  Rendering cats/index.html.erb within layouts/application
  [1m[36mCat Load (0.5ms)[0m  [1m[34mSELECT "cats".* FROM "cats"[0m
  ↳ app/views/cats/index.html.erb:3
  Rendered cats/index.html.erb within layouts/application (79.6ms)
Completed 200 OK in 3081ms (Views: 3080.0ms | ActiveRecord: 0.5ms)


  [1m[35m (0.3ms)[0m  [1m[35mBEGIN[0m
  [1m[36mCat Create (5.8ms)[0m  [1m[32mINSERT INTO "cats" ("birth_date", "color", "name", "sex", "description", "created_at", "updated_at") VALUES ($1, $2, $3, $4, $5, $6, $7) RETURNING "id"[0m  [["birth_date", 2014], ["color", "blue"], ["name", "Waffle"], ["sex", "M"], ["description", "I'm delicious!"], ["created_at", "2020-12-31 23:35:12.305712"], ["updated_at", "2020-12-31 23:35:12.305712"]]
  [1m[35m (3.7ms)[0m  [1m[31mROLLBACK[0m
  [1m[35m (0.2ms)[0m  [1m[35mBEGIN[0m
  [1m[36mCat Create (6.2ms)[0m  [1m[32mINSERT INTO "cats" ("birth_date", "color", "name", "sex", "description", "created_at", "updated_at") VALUES ($1, $2, $3, $4, $5, $6, $7) RETURNING "id"[0m  [["birth_date", 2016], ["color", "blue"], ["name", "Waffle"], ["sex", "M"], ["description", "I'm delicious!"], ["created_at", "2020-12-31 23:36:04.237392"], ["updated_at", "2020-12-31 23:36:04.237392"]]
  [1m[35m (1.5ms)[0m  [1m[31mROLLBACK[0m
  [1m[35m (0.3ms)[0m  [1m[35mBEGIN[0m
  [1m[36mCat Create (9.8ms)[0m  [1m[32mINSERT INTO "cats" ("birth_date", "color", "name", "sex", "description", "created_at", "updated_at") VALUES ($1, $2, $3, $4, $5, $6, $7) RETURNING "id"[0m  [["birth_date", "2016-01-01"], ["color", "blue"], ["name", "Waffle"], ["sex", "M"], ["description", "I'm delicious!"], ["created_at", "2020-12-31 23:37:05.727873"], ["updated_at", "2020-12-31 23:37:05.727873"]]
  [1m[35m (7.7ms)[0m  [1m[35mCOMMIT[0m
  [1m[36mCat Load (1.1ms)[0m  [1m[34mSELECT "cats".* FROM "cats"[0m
Started GET "/cats" for ::1 at 2020-12-31 15:37:33 -0800
  [1m[35m (1.0ms)[0m  [1m[34mSELECT "schema_migrations"."version" FROM "schema_migrations" ORDER BY "schema_migrations"."version" ASC[0m
  ↳ /Users/edwinhong/.rbenv/versions/2.5.1/lib/ruby/gems/2.5.0/gems/activerecord-5.2.4.4/lib/active_record/log_subscriber.rb:98
Processing by CatsController#index as HTML
  Rendering cats/index.html.erb within layouts/application
  [1m[36mCat Load (0.9ms)[0m  [1m[34mSELECT "cats".* FROM "cats"[0m
  ↳ app/views/cats/index.html.erb:3
  Rendered cats/index.html.erb within layouts/application (83.9ms)
Completed 200 OK in 519ms (Views: 464.4ms | ActiveRecord: 17.5ms)


Started GET "/cats/1" for ::1 at 2020-12-31 15:39:19 -0800
Processing by CatsController#show as HTML
  Parameters: {"id"=>"1"}
  [1m[36mCat Load (0.5ms)[0m  [1m[34mSELECT  "cats".* FROM "cats" WHERE "cats"."id" = $1 LIMIT $2[0m  [["id", 1], ["LIMIT", 1]]
  ↳ app/controllers/cats_controller.rb:10
  Rendering cats/show.html.erb within layouts/application
  Rendered cats/show.html.erb within layouts/application (0.9ms)
Completed 200 OK in 379ms (Views: 270.5ms | ActiveRecord: 0.8ms)


Started GET "/cats/1" for ::1 at 2020-12-31 15:39:25 -0800
Processing by CatsController#show as HTML
  Parameters: {"id"=>"1"}
  [1m[36mCat Load (4.2ms)[0m  [1m[34mSELECT  "cats".* FROM "cats" WHERE "cats"."id" = $1 LIMIT $2[0m  [["id", 1], ["LIMIT", 1]]
  ↳ app/controllers/cats_controller.rb:10
  Rendering cats/show.html.erb within layouts/application
  Rendered cats/show.html.erb within layouts/application (0.7ms)
Completed 200 OK in 121ms (Views: 107.6ms | ActiveRecord: 4.2ms)


Started GET "/cats" for ::1 at 2020-12-31 15:39:57 -0800
Processing by CatsController#index as HTML
  Rendering cats/index.html.erb within layouts/application
  [1m[36mCat Load (1.0ms)[0m  [1m[34mSELECT "cats".* FROM "cats"[0m
  ↳ app/views/cats/index.html.erb:3
  Rendered cats/index.html.erb within layouts/application (4.4ms)
Completed 200 OK in 91ms (Views: 89.5ms | ActiveRecord: 1.0ms)


Started GET "/cats" for ::1 at 2020-12-31 15:40:27 -0800
Processing by CatsController#index as HTML
  Rendering cats/index.html.erb within layouts/application
  [1m[36mCat Load (2.5ms)[0m  [1m[34mSELECT "cats".* FROM "cats"[0m
  ↳ app/views/cats/index.html.erb:3
  Rendered cats/index.html.erb within layouts/application (5.4ms)
Completed 200 OK in 90ms (Views: 85.6ms | ActiveRecord: 2.5ms)


Started GET "/cats" for ::1 at 2020-12-31 15:40:37 -0800
Processing by CatsController#index as HTML
  Rendering cats/index.html.erb within layouts/application
  [1m[36mCat Load (1.9ms)[0m  [1m[34mSELECT "cats".* FROM "cats"[0m
  ↳ app/views/cats/index.html.erb:3
  Rendered cats/index.html.erb within layouts/application (3.3ms)
Completed 200 OK in 60ms (Views: 58.1ms | ActiveRecord: 1.9ms)


Started GET "/cats" for ::1 at 2020-12-31 15:41:08 -0800
Processing by CatsController#index as HTML
  Rendering cats/index.html.erb within layouts/application
  [1m[36mCat Load (6.5ms)[0m  [1m[34mSELECT "cats".* FROM "cats"[0m
  ↳ app/views/cats/index.html.erb:3
  Rendered cats/index.html.erb within layouts/application (9.2ms)
Completed 200 OK in 117ms (Views: 110.0ms | ActiveRecord: 6.5ms)


Started GET "/cats/1" for ::1 at 2020-12-31 15:41:10 -0800
Processing by CatsController#show as HTML
  Parameters: {"id"=>"1"}
  [1m[36mCat Load (15.0ms)[0m  [1m[34mSELECT  "cats".* FROM "cats" WHERE "cats"."id" = $1 LIMIT $2[0m  [["id", 1], ["LIMIT", 1]]
  ↳ app/controllers/cats_controller.rb:10
  Rendering cats/show.html.erb within layouts/application
  Rendered cats/show.html.erb within layouts/application (31.6ms)
Completed 200 OK in 242ms (Views: 223.8ms | ActiveRecord: 15.0ms)


  [1m[35m (0.3ms)[0m  [1m[35mBEGIN[0m
  [1m[36mCat Create (2.6ms)[0m  [1m[32mINSERT INTO "cats" ("birth_date", "color", "name", "sex", "description", "created_at", "updated_at") VALUES ($1, $2, $3, $4, $5, $6, $7) RETURNING "id"[0m  [["birth_date", "1999-12-20"], ["color", "red"], ["name", "Jazz"], ["sex", "F"], ["description", "A cool cat."], ["created_at", "2020-12-31 23:44:04.680530"], ["updated_at", "2020-12-31 23:44:04.680530"]]
  [1m[35m (1.2ms)[0m  [1m[35mCOMMIT[0m
Started GET "/cats" for ::1 at 2020-12-31 15:44:08 -0800
Processing by CatsController#index as HTML
  Rendering cats/index.html.erb within layouts/application
  [1m[36mCat Load (0.8ms)[0m  [1m[34mSELECT "cats".* FROM "cats"[0m
  ↳ app/views/cats/index.html.erb:3
  Rendered cats/index.html.erb within layouts/application (5.2ms)
Completed 200 OK in 33ms (Views: 31.6ms | ActiveRecord: 0.8ms)


Started GET "/cats" for ::1 at 2020-12-31 15:44:41 -0800
Processing by CatsController#index as HTML
  Rendering cats/index.html.erb within layouts/application
  [1m[36mCat Load (0.4ms)[0m  [1m[34mSELECT "cats".* FROM "cats"[0m
  ↳ app/views/cats/index.html.erb:3
  Rendered cats/index.html.erb within layouts/application (1.8ms)
Completed 200 OK in 35ms (Views: 34.1ms | ActiveRecord: 0.4ms)


Started GET "/cats" for ::1 at 2020-12-31 15:45:01 -0800
Processing by CatsController#index as HTML
  Rendering cats/index.html.erb within layouts/application
  [1m[36mCat Load (0.5ms)[0m  [1m[34mSELECT "cats".* FROM "cats"[0m
  ↳ app/views/cats/index.html.erb:3
  Rendered cats/index.html.erb within layouts/application (1.8ms)
Completed 200 OK in 45ms (Views: 43.9ms | ActiveRecord: 0.5ms)


  [1m[35m (0.3ms)[0m  [1m[35mBEGIN[0m
  [1m[36mCat Create (5.7ms)[0m  [1m[32mINSERT INTO "cats" ("birth_date", "color", "name", "sex", "description", "created_at", "updated_at") VALUES ($1, $2, $3, $4, $5, $6, $7) RETURNING "id"[0m  [["birth_date", "2016-01-01"], ["color", "blue"], ["name", "Waffle"], ["sex", "M"], ["description", "I'm delicious!"], ["created_at", "2021-01-01 00:10:59.892142"], ["updated_at", "2021-01-01 00:10:59.892142"]]
  [1m[35m (4.2ms)[0m  [1m[35mCOMMIT[0m
  [1m[35m (0.2ms)[0m  [1m[35mBEGIN[0m
  [1m[36mCat Create (0.4ms)[0m  [1m[32mINSERT INTO "cats" ("birth_date", "color", "name", "sex", "description", "created_at", "updated_at") VALUES ($1, $2, $3, $4, $5, $6, $7) RETURNING "id"[0m  [["birth_date", "1999-12-20"], ["color", "red"], ["name", "Jazz"], ["sex", "F"], ["description", "A cool cat."], ["created_at", "2021-01-01 00:11:19.606087"], ["updated_at", "2021-01-01 00:11:19.606087"]]
  [1m[35m (0.5ms)[0m  [1m[35mCOMMIT[0m
Started GET "/cats" for ::1 at 2020-12-31 18:11:42 -0600
  [1m[35m (1.3ms)[0m  [1m[34mSELECT "schema_migrations"."version" FROM "schema_migrations" ORDER BY "schema_migrations"."version" ASC[0m
  ↳ /Users/rupesh5ng/.rbenv/versions/2.5.1/lib/ruby/gems/2.5.0/gems/activerecord-5.2.4.4/lib/active_record/log_subscriber.rb:98
Processing by CatsController#index as HTML
  Rendering cats/index.html.erb within layouts/application
  [1m[36mCat Load (4.1ms)[0m  [1m[34mSELECT "cats".* FROM "cats"[0m
  ↳ app/views/cats/index.html.erb:3
  Rendered cats/index.html.erb within layouts/application (28.8ms)
Completed 200 OK in 463ms (Views: 443.5ms | ActiveRecord: 12.8ms)


Started GET "/" for ::1 at 2020-12-31 18:11:58 -0600
Processing by Rails::WelcomeController#index as HTML
  Rendering /Users/rupesh5ng/.rbenv/versions/2.5.1/lib/ruby/gems/2.5.0/gems/railties-5.2.4.4/lib/rails/templates/rails/welcome/index.html.erb
  Rendered /Users/rupesh5ng/.rbenv/versions/2.5.1/lib/ruby/gems/2.5.0/gems/railties-5.2.4.4/lib/rails/templates/rails/welcome/index.html.erb (1.8ms)
Completed 200 OK in 11ms (Views: 7.0ms | ActiveRecord: 0.0ms)


Started GET "/cats/2" for ::1 at 2020-12-31 18:12:10 -0600
Processing by CatsController#show as HTML
  Parameters: {"id"=>"2"}
  [1m[36mCat Load (0.9ms)[0m  [1m[34mSELECT  "cats".* FROM "cats" WHERE "cats"."id" = $1 LIMIT $2[0m  [["id", 2], ["LIMIT", 1]]
  ↳ app/controllers/cats_controller.rb:10
  Rendering cats/show.html.erb within layouts/application
  Rendered cats/show.html.erb within layouts/application (0.4ms)
Completed 200 OK in 18ms (Views: 13.1ms | ActiveRecord: 1.1ms)


Started GET "/cats/2" for ::1 at 2020-12-31 18:14:05 -0600
Processing by CatsController#show as HTML
  Parameters: {"id"=>"2"}
  [1m[36mCat Load (0.3ms)[0m  [1m[34mSELECT  "cats".* FROM "cats" WHERE "cats"."id" = $1 LIMIT $2[0m  [["id", 2], ["LIMIT", 1]]
  ↳ app/controllers/cats_controller.rb:10
  Rendering cats/show.html.erb within layouts/application
  Rendered cats/show.html.erb within layouts/application (0.4ms)
Completed 200 OK in 13ms (Views: 11.7ms | ActiveRecord: 0.3ms)


Started GET "/cats/2" for ::1 at 2020-12-31 18:14:31 -0600
Processing by CatsController#show as HTML
  Parameters: {"id"=>"2"}
  [1m[36mCat Load (0.3ms)[0m  [1m[34mSELECT  "cats".* FROM "cats" WHERE "cats"."id" = $1 LIMIT $2[0m  [["id", 2], ["LIMIT", 1]]
  ↳ app/controllers/cats_controller.rb:10
  Rendering cats/show.html.erb within layouts/application
  Rendered cats/show.html.erb within layouts/application (0.4ms)
Completed 200 OK in 14ms (Views: 12.5ms | ActiveRecord: 0.3ms)


Started GET "/cats/2" for ::1 at 2020-12-31 18:15:52 -0600
Processing by CatsController#show as HTML
  Parameters: {"id"=>"2"}
  [1m[36mCat Load (0.3ms)[0m  [1m[34mSELECT  "cats".* FROM "cats" WHERE "cats"."id" = $1 LIMIT $2[0m  [["id", 2], ["LIMIT", 1]]
  ↳ app/controllers/cats_controller.rb:10
  Rendering cats/show.html.erb within layouts/application
  Rendered cats/show.html.erb within layouts/application (0.6ms)
Completed 200 OK in 16ms (Views: 14.6ms | ActiveRecord: 0.3ms)


Started GET "/cats/2" for ::1 at 2020-12-31 18:16:25 -0600
Processing by CatsController#show as HTML
  Parameters: {"id"=>"2"}
  [1m[36mCat Load (0.3ms)[0m  [1m[34mSELECT  "cats".* FROM "cats" WHERE "cats"."id" = $1 LIMIT $2[0m  [["id", 2], ["LIMIT", 1]]
  ↳ app/controllers/cats_controller.rb:10
  Rendering cats/show.html.erb within layouts/application
  Rendered cats/show.html.erb within layouts/application (0.6ms)
Completed 200 OK in 13ms (Views: 12.0ms | ActiveRecord: 0.3ms)


Started GET "/cats/2" for ::1 at 2020-12-31 18:17:53 -0600
Processing by CatsController#show as HTML
  Parameters: {"id"=>"2"}
  [1m[36mCat Load (0.4ms)[0m  [1m[34mSELECT  "cats".* FROM "cats" WHERE "cats"."id" = $1 LIMIT $2[0m  [["id", 2], ["LIMIT", 1]]
  ↳ app/controllers/cats_controller.rb:10
  Rendering cats/show.html.erb within layouts/application
  Rendered cats/show.html.erb within layouts/application (0.7ms)
Completed 200 OK in 35ms (Views: 33.0ms | ActiveRecord: 0.4ms)


Started GET "/cats/2" for ::1 at 2020-12-31 18:18:23 -0600
Processing by CatsController#show as HTML
  Parameters: {"id"=>"2"}
  [1m[36mCat Load (0.2ms)[0m  [1m[34mSELECT  "cats".* FROM "cats" WHERE "cats"."id" = $1 LIMIT $2[0m  [["id", 2], ["LIMIT", 1]]
  ↳ app/controllers/cats_controller.rb:10
  Rendering cats/show.html.erb within layouts/application
  Rendered cats/show.html.erb within layouts/application (0.4ms)
Completed 200 OK in 16ms (Views: 14.6ms | ActiveRecord: 0.2ms)


Started GET "/cats/2" for ::1 at 2020-12-31 18:19:59 -0600
Processing by CatsController#show as HTML
  Parameters: {"id"=>"2"}
  [1m[36mCat Load (0.2ms)[0m  [1m[34mSELECT  "cats".* FROM "cats" WHERE "cats"."id" = $1 LIMIT $2[0m  [["id", 2], ["LIMIT", 1]]
  ↳ app/controllers/cats_controller.rb:10
  Rendering cats/show.html.erb within layouts/application
  Rendered cats/show.html.erb within layouts/application (0.5ms)
Completed 200 OK in 15ms (Views: 14.2ms | ActiveRecord: 0.2ms)


Started GET "/cats/2" for ::1 at 2020-12-31 18:20:01 -0600
Processing by CatsController#show as HTML
  Parameters: {"id"=>"2"}
  [1m[36mCat Load (0.2ms)[0m  [1m[34mSELECT  "cats".* FROM "cats" WHERE "cats"."id" = $1 LIMIT $2[0m  [["id", 2], ["LIMIT", 1]]
  ↳ app/controllers/cats_controller.rb:10
  Rendering cats/show.html.erb within layouts/application
  Rendered cats/show.html.erb within layouts/application (0.7ms)
Completed 200 OK in 13ms (Views: 11.5ms | ActiveRecord: 0.2ms)


Started GET "/cats/2" for ::1 at 2020-12-31 18:23:19 -0600
Processing by CatsController#show as HTML
  Parameters: {"id"=>"2"}
  [1m[36mCat Load (0.2ms)[0m  [1m[34mSELECT  "cats".* FROM "cats" WHERE "cats"."id" = $1 LIMIT $2[0m  [["id", 2], ["LIMIT", 1]]
  ↳ app/controllers/cats_controller.rb:10
  Rendering cats/show.html.erb within layouts/application
  Rendered cats/show.html.erb within layouts/application (3.2ms)
Completed 200 OK in 16ms (Views: 15.0ms | ActiveRecord: 0.2ms)


Started GET "/cats/2" for ::1 at 2020-12-31 18:23:43 -0600
Processing by CatsController#show as HTML
  Parameters: {"id"=>"2"}
  [1m[36mCat Load (0.2ms)[0m  [1m[34mSELECT  "cats".* FROM "cats" WHERE "cats"."id" = $1 LIMIT $2[0m  [["id", 2], ["LIMIT", 1]]
  ↳ app/controllers/cats_controller.rb:10
  Rendering cats/show.html.erb within layouts/application
  Rendered cats/show.html.erb within layouts/application (0.6ms)
Completed 200 OK in 14ms (Views: 11.9ms | ActiveRecord: 0.2ms)


Started GET "/cats" for ::1 at 2020-12-31 18:29:20 -0600
Processing by CatsController#index as HTML
  Rendering cats/index.html.erb within layouts/application
  [1m[36mCat Load (0.8ms)[0m  [1m[34mSELECT "cats".* FROM "cats"[0m
  ↳ app/views/cats/index.html.erb:3
  Rendered cats/index.html.erb within layouts/application (2.6ms)
Completed 200 OK in 15ms (Views: 13.5ms | ActiveRecord: 0.8ms)


Started GET "/cats/" for ::1 at 2020-12-31 18:29:25 -0600
Processing by CatsController#index as HTML
  Rendering cats/index.html.erb within layouts/application
  [1m[36mCat Load (0.4ms)[0m  [1m[34mSELECT "cats".* FROM "cats"[0m
  ↳ app/views/cats/index.html.erb:3
  Rendered cats/index.html.erb within layouts/application (1.7ms)
Completed 200 OK in 15ms (Views: 14.1ms | ActiveRecord: 0.4ms)


Started GET "/cats/" for ::1 at 2020-12-31 18:30:59 -0600
Processing by CatsController#index as HTML
  Rendering cats/index.html.erb within layouts/application
  [1m[36mCat Load (0.4ms)[0m  [1m[34mSELECT "cats".* FROM "cats"[0m
  ↳ app/views/cats/index.html.erb:3
  Rendered cats/index.html.erb within layouts/application (1.6ms)
Completed 200 OK in 15ms (Views: 13.7ms | ActiveRecord: 0.4ms)


Started GET "/cats/" for ::1 at 2020-12-31 18:31:00 -0600
Processing by CatsController#index as HTML
  Rendering cats/index.html.erb within layouts/application
  [1m[36mCat Load (0.3ms)[0m  [1m[34mSELECT "cats".* FROM "cats"[0m
  ↳ app/views/cats/index.html.erb:3
  Rendered cats/index.html.erb within layouts/application (1.5ms)
Completed 200 OK in 14ms (Views: 12.8ms | ActiveRecord: 0.3ms)


Started GET "/cats/" for ::1 at 2020-12-31 18:31:01 -0600
Processing by CatsController#index as HTML
  Rendering cats/index.html.erb within layouts/application
  [1m[36mCat Load (0.4ms)[0m  [1m[34mSELECT "cats".* FROM "cats"[0m
  ↳ app/views/cats/index.html.erb:3
  Rendered cats/index.html.erb within layouts/application (2.1ms)
Completed 200 OK in 14ms (Views: 12.4ms | ActiveRecord: 0.4ms)


Started GET "/cats/cat_url(cat)" for ::1 at 2020-12-31 18:31:09 -0600
Processing by CatsController#show as HTML
  Parameters: {"id"=>"cat_url(cat)"}
  [1m[36mCat Load (0.2ms)[0m  [1m[34mSELECT  "cats".* FROM "cats" WHERE "cats"."id" = $1 LIMIT $2[0m  [["id", 0], ["LIMIT", 1]]
  ↳ app/controllers/cats_controller.rb:10
Completed 404 Not Found in 2ms (ActiveRecord: 0.2ms)



ActiveRecord::RecordNotFound - Couldn't find Cat with 'id'=cat_url(cat):
  app/controllers/cats_controller.rb:10:in `show'

Started POST "/__better_errors/afd38f429ef1c938/variables" for ::1 at 2020-12-31 18:31:09 -0600
Started GET "/cats/cat_url(cat)" for ::1 at 2020-12-31 18:31:25 -0600
Processing by CatsController#show as HTML
  Parameters: {"id"=>"cat_url(cat)"}
  [1m[36mCat Load (0.3ms)[0m  [1m[34mSELECT  "cats".* FROM "cats" WHERE "cats"."id" = $1 LIMIT $2[0m  [["id", 0], ["LIMIT", 1]]
  ↳ app/controllers/cats_controller.rb:10
Completed 404 Not Found in 2ms (ActiveRecord: 0.3ms)



ActiveRecord::RecordNotFound - Couldn't find Cat with 'id'=cat_url(cat):
  app/controllers/cats_controller.rb:10:in `show'

Started POST "/__better_errors/e696f199137d5a8b/variables" for ::1 at 2020-12-31 18:31:25 -0600
Started GET "/cats" for ::1 at 2020-12-31 18:31:34 -0600
Processing by CatsController#index as HTML
  Rendering cats/index.html.erb within layouts/application
  [1m[36mCat Load (0.3ms)[0m  [1m[34mSELECT "cats".* FROM "cats"[0m
  ↳ app/views/cats/index.html.erb:3
  Rendered cats/index.html.erb within layouts/application (1.6ms)
Completed 200 OK in 13ms (Views: 12.2ms | ActiveRecord: 0.3ms)


Started GET "/cat_url(cat)" for ::1 at 2020-12-31 18:31:37 -0600
  
ActionController::RoutingError (No route matches [GET] "/cat_url(cat)"):
  
actionpack (5.2.4.4) lib/action_dispatch/middleware/debug_exceptions.rb:65:in `call'
web-console (3.7.0) lib/web_console/middleware.rb:135:in `call_app'
web-console (3.7.0) lib/web_console/middleware.rb:30:in `block in call'
web-console (3.7.0) lib/web_console/middleware.rb:20:in `catch'
web-console (3.7.0) lib/web_console/middleware.rb:20:in `call'
actionpack (5.2.4.4) lib/action_dispatch/middleware/show_exceptions.rb:33:in `call'
railties (5.2.4.4) lib/rails/rack/logger.rb:38:in `call_app'
railties (5.2.4.4) lib/rails/rack/logger.rb:26:in `block in call'
activesupport (5.2.4.4) lib/active_support/tagged_logging.rb:71:in `block in tagged'
activesupport (5.2.4.4) lib/active_support/tagged_logging.rb:28:in `tagged'
activesupport (5.2.4.4) lib/active_support/tagged_logging.rb:71:in `tagged'
railties (5.2.4.4) lib/rails/rack/logger.rb:26:in `call'
sprockets-rails (3.2.2) lib/sprockets/rails/quiet_assets.rb:13:in `call'
actionpack (5.2.4.4) lib/action_dispatch/middleware/remote_ip.rb:81:in `call'
actionpack (5.2.4.4) lib/action_dispatch/middleware/request_id.rb:27:in `call'
rack (2.2.3) lib/rack/method_override.rb:24:in `call'
rack (2.2.3) lib/rack/runtime.rb:22:in `call'
activesupport (5.2.4.4) lib/active_support/cache/strategy/local_cache_middleware.rb:29:in `call'
actionpack (5.2.4.4) lib/action_dispatch/middleware/executor.rb:14:in `call'
actionpack (5.2.4.4) lib/action_dispatch/middleware/static.rb:127:in `call'
rack (2.2.3) lib/rack/sendfile.rb:110:in `call'
railties (5.2.4.4) lib/rails/engine.rb:524:in `call'
puma (3.12.6) lib/puma/configuration.rb:227:in `call'
puma (3.12.6) lib/puma/server.rb:706:in `handle_request'
puma (3.12.6) lib/puma/server.rb:476:in `process_client'
puma (3.12.6) lib/puma/server.rb:334:in `block in run'
puma (3.12.6) lib/puma/thread_pool.rb:135:in `block in spawn_thread'
Started GET "/cats" for ::1 at 2020-12-31 18:36:55 -0600
Processing by CatsController#index as HTML
  Rendering cats/index.html.erb within layouts/application
  [1m[36mCat Load (0.7ms)[0m  [1m[34mSELECT "cats".* FROM "cats"[0m
  ↳ app/views/cats/index.html.erb:3
  Rendered cats/index.html.erb within layouts/application (2.7ms)
Completed 200 OK in 12ms (Views: 11.2ms | ActiveRecord: 0.7ms)


Started GET "/cats" for ::1 at 2020-12-31 18:37:01 -0600
Processing by CatsController#index as HTML
  Rendering cats/index.html.erb within layouts/application
  [1m[36mCat Load (0.4ms)[0m  [1m[34mSELECT "cats".* FROM "cats"[0m
  ↳ app/views/cats/index.html.erb:3
  Rendered cats/index.html.erb within layouts/application (1.9ms)
Completed 200 OK in 14ms (Views: 13.2ms | ActiveRecord: 0.4ms)


Started GET "/cats" for ::1 at 2020-12-31 18:37:50 -0600
Processing by CatsController#index as HTML
  Rendering cats/index.html.erb within layouts/application
  [1m[36mCat Load (0.5ms)[0m  [1m[34mSELECT "cats".* FROM "cats"[0m
  ↳ app/views/cats/index.html.erb:3
  Rendered cats/index.html.erb within layouts/application (1.8ms)
Completed 200 OK in 12ms (Views: 11.2ms | ActiveRecord: 0.5ms)


Started GET "/cats/1" for ::1 at 2020-12-31 18:37:52 -0600
Processing by CatsController#show as HTML
  Parameters: {"id"=>"1"}
  [1m[36mCat Load (0.5ms)[0m  [1m[34mSELECT  "cats".* FROM "cats" WHERE "cats"."id" = $1 LIMIT $2[0m  [["id", 1], ["LIMIT", 1]]
  ↳ app/controllers/cats_controller.rb:10
  Rendering cats/show.html.erb within layouts/application
  Rendered cats/show.html.erb within layouts/application (1.0ms)
Completed 200 OK in 15ms (Views: 11.6ms | ActiveRecord: 0.8ms)


Started GET "/cats" for ::1 at 2020-12-31 18:38:21 -0600
Processing by CatsController#index as HTML
  Rendering cats/index.html.erb within layouts/application
  Rendered cats/index.html.erb within layouts/application (0.9ms)
Completed 500 Internal Server Error in 8ms (ActiveRecord: 0.0ms)



SyntaxError - syntax error, unexpected tLABEL
...e;@output_buffer.append=( Name: cat.name);@output_buffer.saf...
...                          ^~~~~:
  app/views/cats/index.html.erb:6:in `'
  app/controllers/cats_controller.rb:6:in `index'

Started POST "/__better_errors/e4f090df70724f2f/variables" for ::1 at 2020-12-31 18:38:21 -0600
  [1m[36mCat Load (0.3ms)[0m  [1m[34mSELECT  "cats".* FROM "cats" LIMIT $1[0m  [["LIMIT", 11]]
  ↳ /Users/rupesh5ng/.rbenv/versions/2.5.1/lib/ruby/gems/2.5.0/gems/activerecord-5.2.4.4/lib/active_record/log_subscriber.rb:98
Started GET "/cats" for ::1 at 2020-12-31 18:38:37 -0600
Processing by CatsController#index as HTML
  Rendering cats/index.html.erb within layouts/application
  [1m[36mCat Load (0.5ms)[0m  [1m[34mSELECT "cats".* FROM "cats"[0m
  ↳ app/views/cats/index.html.erb:3
  Rendered cats/index.html.erb within layouts/application (2.7ms)
Completed 200 OK in 15ms (Views: 13.4ms | ActiveRecord: 0.5ms)


Started GET "/cats/1" for ::1 at 2020-12-31 18:38:39 -0600
Processing by CatsController#show as HTML
  Parameters: {"id"=>"1"}
  [1m[36mCat Load (0.4ms)[0m  [1m[34mSELECT  "cats".* FROM "cats" WHERE "cats"."id" = $1 LIMIT $2[0m  [["id", 1], ["LIMIT", 1]]
  ↳ app/controllers/cats_controller.rb:10
  Rendering cats/show.html.erb within layouts/application
  Rendered cats/show.html.erb within layouts/application (0.8ms)
Completed 200 OK in 13ms (Views: 10.8ms | ActiveRecord: 0.4ms)


